d:\sheikah_project\zeldagraphics\x64\debug\vc143.pdb
d:\sheikah_project\zeldagraphics\x64\debug\vc143.idb
d:\sheikah_project\zeldagraphics\x64\debug\zeldatexture.obj
d:\sheikah_project\zeldagraphics\x64\debug\zeldashader.obj
d:\sheikah_project\zeldagraphics\x64\debug\zeldamodel.obj
d:\sheikah_project\zeldagraphics\x64\debug\zeldamesh.obj
d:\sheikah_project\zeldagraphics\x64\debug\zeldalight.obj
d:\sheikah_project\zeldagraphics\x64\debug\zeldagraphics.obj
d:\sheikah_project\zeldagraphics\x64\debug\zeldadx11renderer.obj
d:\sheikah_project\zeldagraphics\x64\debug\zeldacamera.obj
d:\sheikah_project\zeldagraphics\x64\debug\textureloader.obj
d:\sheikah_project\zeldagraphics\x64\debug\resourcemanager.obj
d:\sheikah_project\zeldagraphics\x64\debug\mathconverter.obj
d:\sheikah_project\zeldagraphics\x64\debug\idgenerator.obj
d:\sheikah_project\zeldagraphics\x64\debug\fbxloader.obj
d:\sheikah_project\x64\debug\pixelshader.cso
d:\sheikah_project\x64\debug\vertexshader.cso
d:\sheikah_project\x64\debug\testshader.cso
d:\sheikah_project\x64\debug\zeldagraphics.lib
d:\sheikah_project\x64\debug\zeldagraphics.exp
d:\sheikah_project\x64\debug\zeldagraphics.dll
d:\sheikah_project\zeldagraphics\x64\debug\zeldagraphics.ilk
d:\sheikah_project\x64\debug\zeldagraphics.pdb
d:\sheikah_project\x64\debug\minizip.dll
d:\sheikah_project\x64\debug\zlibd1.dll
d:\sheikah_project\x64\debug\pugixml.dll
d:\sheikah_project\zeldagraphics\x64\debug\zeldagraphics.tlog\cl.command.1.tlog
d:\sheikah_project\zeldagraphics\x64\debug\zeldagraphics.tlog\cl.items.tlog
d:\sheikah_project\zeldagraphics\x64\debug\zeldagraphics.tlog\cl.read.1.tlog
d:\sheikah_project\zeldagraphics\x64\debug\zeldagraphics.tlog\cl.write.1.tlog
d:\sheikah_project\zeldagraphics\x64\debug\zeldagraphics.tlog\fxc.command.1.tlog
d:\sheikah_project\zeldagraphics\x64\debug\zeldagraphics.tlog\fxc.read.1.tlog
d:\sheikah_project\zeldagraphics\x64\debug\zeldagraphics.tlog\fxc.write.1.tlog
d:\sheikah_project\zeldagraphics\x64\debug\zeldagraphics.tlog\link.command.1.tlog
d:\sheikah_project\zeldagraphics\x64\debug\zeldagraphics.tlog\link.read.1.tlog
d:\sheikah_project\zeldagraphics\x64\debug\zeldagraphics.tlog\link.write.1.tlog
d:\sheikah_project\zeldagraphics\x64\debug\zeldagraphics.tlog\link.write.2u.tlog
d:\sheikah_project\zeldagraphics\x64\debug\zeldagraphics.tlog\zeldagraphics.write.1u.tlog
