  compilation object save succeeded; see D:\Sheikah_Project\x64\Release\PixelShader.cso
  compilation object save succeeded; see D:\Sheikah_Project\x64\Release\VertexShader.cso
  compilation object save succeeded; see D:\Sheikah_Project\x64\Release\TestShader.cso
  FBXLoader.cpp
  IDGenerator.cpp
  MathConverter.cpp
D:\Sheikah_Project\eigen-3.4.0\Eigen\src\Core\arch\Default\Half.h(1,1): warning C4819: 현재 코드 페이지(949)에서 표시할 수 없는 문자가 파일에 들어 있습니다. 데이터가 손실되지 않게 하려면 해당 파일을 유니코드 형식으로 저장하십시오.
D:\Sheikah_Project\eigen-3.4.0\Eigen\src\Core\arch\Default\BFloat16.h(1,1): warning C4819: 현재 코드 페이지(949)에서 표시할 수 없는 문자가 파일에 들어 있습니다. 데이터가 손실되지 않게 하려면 해당 파일을 유니코드 형식으로 저장하십시오.
D:\Sheikah_Project\eigen-3.4.0\Eigen\src\Core\arch\Default\GenericPacketMathFunctions.h(676,1): warning C4819: 현재 코드 페이지(949)에서 표시할 수 없는 문자가 파일에 들어 있습니다. 데이터가 손실되지 않게 하려면 해당 파일을 유니코드 형식으로 저장하십시오.
D:\Sheikah_Project\eigen-3.4.0\Eigen\src\Core\products\GeneralBlockPanelKernel.h(2063,1): warning C4819: 현재 코드 페이지(949)에서 표시할 수 없는 문자가 파일에 들어 있습니다. 데이터가 손실되지 않게 하려면 해당 파일을 유니코드 형식으로 저장하십시오.
  ResourceManager.cpp
  TextureLoader.cpp
  ZeldaCamera.cpp
  ZeldaDX11Renderer.cpp
D:\Sheikah_Project\eigen-3.4.0\Eigen\src\Core\arch\Default\Half.h(1,1): warning C4819: 현재 코드 페이지(949)에서 표시할 수 없는 문자가 파일에 들어 있습니다. 데이터가 손실되지 않게 하려면 해당 파일을 유니코드 형식으로 저장하십시오.
D:\Sheikah_Project\eigen-3.4.0\Eigen\src\Core\arch\Default\BFloat16.h(1,1): warning C4819: 현재 코드 페이지(949)에서 표시할 수 없는 문자가 파일에 들어 있습니다. 데이터가 손실되지 않게 하려면 해당 파일을 유니코드 형식으로 저장하십시오.
D:\Sheikah_Project\eigen-3.4.0\Eigen\src\Core\arch\Default\GenericPacketMathFunctions.h(676,1): warning C4819: 현재 코드 페이지(949)에서 표시할 수 없는 문자가 파일에 들어 있습니다. 데이터가 손실되지 않게 하려면 해당 파일을 유니코드 형식으로 저장하십시오.
D:\Sheikah_Project\eigen-3.4.0\Eigen\src\Core\products\GeneralBlockPanelKernel.h(2063,1): warning C4819: 현재 코드 페이지(949)에서 표시할 수 없는 문자가 파일에 들어 있습니다. 데이터가 손실되지 않게 하려면 해당 파일을 유니코드 형식으로 저장하십시오.
D:\Sheikah_Project\ZeldaGraphics\ZeldaDX11Renderer.cpp(43,21): warning C4101: 'screenAspect' :참조되지 않은 지역 변수입니다.
D:\Sheikah_Project\ZeldaGraphics\ZeldaDX11Renderer.cpp(43,8): warning C4101: 'fieldOfView' :참조되지 않은 지역 변수입니다.
D:\Sheikah_Project\ZeldaGraphics\ZeldaDX11Renderer.cpp(401,105): warning C4244: '인수': 'float'에서 'unsigned int'(으)로 변환하면서 데이터가 손실될 수 있습니다.
D:\Sheikah_Project\ZeldaGraphics\ZeldaDX11Renderer.cpp(401,72): warning C4244: '인수': 'float'에서 'unsigned int'(으)로 변환하면서 데이터가 손실될 수 있습니다.
  ZeldaGraphics.cpp
D:\Sheikah_Project\eigen-3.4.0\Eigen\src\Core\arch\Default\Half.h(1,1): warning C4819: 현재 코드 페이지(949)에서 표시할 수 없는 문자가 파일에 들어 있습니다. 데이터가 손실되지 않게 하려면 해당 파일을 유니코드 형식으로 저장하십시오.
D:\Sheikah_Project\eigen-3.4.0\Eigen\src\Core\arch\Default\BFloat16.h(1,1): warning C4819: 현재 코드 페이지(949)에서 표시할 수 없는 문자가 파일에 들어 있습니다. 데이터가 손실되지 않게 하려면 해당 파일을 유니코드 형식으로 저장하십시오.
D:\Sheikah_Project\eigen-3.4.0\Eigen\src\Core\arch\Default\GenericPacketMathFunctions.h(676,1): warning C4819: 현재 코드 페이지(949)에서 표시할 수 없는 문자가 파일에 들어 있습니다. 데이터가 손실되지 않게 하려면 해당 파일을 유니코드 형식으로 저장하십시오.
D:\Sheikah_Project\eigen-3.4.0\Eigen\src\Core\products\GeneralBlockPanelKernel.h(2063,1): warning C4819: 현재 코드 페이지(949)에서 표시할 수 없는 문자가 파일에 들어 있습니다. 데이터가 손실되지 않게 하려면 해당 파일을 유니코드 형식으로 저장하십시오.
  ZeldaLight.cpp
  ZeldaMesh.cpp
  ZeldaModel.cpp
  ZeldaShader.cpp
  ZeldaTexture.cpp
     D:\Sheikah_Project\x64\Release\ZeldaGraphics.lib 라이브러리 및 D:\Sheikah_Project\x64\Release\ZeldaGraphics.exp 개체를 생성하고 있습니다.
  코드를 생성하고 있습니다.
  Previous IPDB not found, fall back to full compilation.
  All 680 functions were compiled because no usable IPDB/IOBJ from previous compilation was found.
  코드를 생성했습니다.
  ZeldaGraphics.vcxproj -> D:\Sheikah_Project\x64\Release\ZeldaGraphics.dll
  D:\Sheikah_Project\x64\Release\PixelShader.cso
  D:\Sheikah_Project\x64\Release\TestShader.cso
  D:\Sheikah_Project\x64\Release\VertexShader.cso
  3개 파일이 복사되었습니다.
